Configuring monad-par-extras-0.3.3...
Building monad-par-extras-0.3.3...
Preprocessing library monad-par-extras-0.3.3...
[1 of 5] Compiling Control.Monad.Par.State ( Control\Monad\Par\State.hs, .stack-work\dist\ca59d0ab\build\Control\Monad\Par\State.o )
[2 of 5] Compiling Control.Monad.Par.RNG ( Control\Monad\Par\RNG.hs, .stack-work\dist\ca59d0ab\build\Control\Monad\Par\RNG.o )

Control\Monad\Par\RNG.hs:43:1: warning: [-Wtabs]
    Tab character found here, and in four further locations.
    Please use spaces instead.
[3 of 5] Compiling Control.Monad.Par.Pedigree ( Control\Monad\Par\Pedigree.hs, .stack-work\dist\ca59d0ab\build\Control\Monad\Par\Pedigree.o )

Control\Monad\Par\Pedigree.hs:38:1: warning: [-Wtabs]
    Tab character found here.
    Please use spaces instead.
[4 of 5] Compiling Control.Monad.Par.Combinator ( Control\Monad\Par\Combinator.hs, .stack-work\dist\ca59d0ab\build\Control\Monad\Par\Combinator.o )

Control\Monad\Par\Combinator.hs:88:1: warning: [-Wtabs]
    Tab character found here, and in 24 further locations.
    Please use spaces instead.
[5 of 5] Compiling Control.Monad.Par.AList ( Control\Monad\Par\AList.hs, .stack-work\dist\ca59d0ab\build\Control\Monad\Par\AList.o )

Control\Monad\Par\AList.hs:59:1: warning: [-Wtabs]
    Tab character found here, and in 17 further locations.
    Please use spaces instead.
Installing library in
C:\sr\snapshots\6f8ea73e\lib\x86_64-windows-ghc-8.0.2\monad-par-extras-0.3.3-5IzzcdedS5bLAPIhSP2Ku6
Registering monad-par-extras-0.3.3...
