Configuring statistics-0.13.3.0...
Building statistics-0.13.3.0...
Preprocessing library statistics-0.13.3.0...
[ 1 of 48] Compiling Statistics.Types ( Statistics\Types.hs, .stack-work\dist\ca59d0ab\build\Statistics\Types.o )
[ 2 of 48] Compiling Statistics.Transform ( Statistics\Transform.hs, .stack-work\dist\ca59d0ab\build\Statistics\Transform.o )
[ 3 of 48] Compiling Statistics.Test.Types ( Statistics\Test\Types.hs, .stack-work\dist\ca59d0ab\build\Statistics\Test\Types.o )
[ 4 of 48] Compiling Statistics.Matrix.Types ( Statistics\Matrix\Types.hs, .stack-work\dist\ca59d0ab\build\Statistics\Matrix\Types.o )
[ 5 of 48] Compiling Statistics.Matrix.Mutable ( Statistics\Matrix\Mutable.hs, .stack-work\dist\ca59d0ab\build\Statistics\Matrix\Mutable.o )
[ 6 of 48] Compiling Statistics.Internal ( Statistics\Internal.hs, .stack-work\dist\ca59d0ab\build\Statistics\Internal.o )
[ 7 of 48] Compiling Statistics.Function.Comparison ( Statistics\Function\Comparison.hs, .stack-work\dist\ca59d0ab\build\Statistics\Function\Comparison.o )
[ 8 of 48] Compiling Statistics.Math.RootFinding ( Statistics\Math\RootFinding.hs, .stack-work\dist\ca59d0ab\build\Statistics\Math\RootFinding.o )
[ 9 of 48] Compiling Statistics.Function ( Statistics\Function.hs, .stack-work\dist\ca59d0ab\build\Statistics\Function.o )
[10 of 48] Compiling Statistics.Quantile ( Statistics\Quantile.hs, .stack-work\dist\ca59d0ab\build\Statistics\Quantile.o )
[11 of 48] Compiling Statistics.Sample.Histogram ( Statistics\Sample\Histogram.hs, .stack-work\dist\ca59d0ab\build\Statistics\Sample\Histogram.o )
[12 of 48] Compiling Statistics.Sample.Internal ( Statistics\Sample\Internal.hs, .stack-work\dist\ca59d0ab\build\Statistics\Sample\Internal.o )
[13 of 48] Compiling Statistics.Matrix ( Statistics\Matrix.hs, .stack-work\dist\ca59d0ab\build\Statistics\Matrix.o )
[14 of 48] Compiling Statistics.Matrix.Algorithms ( Statistics\Matrix\Algorithms.hs, .stack-work\dist\ca59d0ab\build\Statistics\Matrix\Algorithms.o )
[15 of 48] Compiling Statistics.Sample ( Statistics\Sample.hs, .stack-work\dist\ca59d0ab\build\Statistics\Sample.o )
[16 of 48] Compiling Statistics.Resampling ( Statistics\Resampling.hs, .stack-work\dist\ca59d0ab\build\Statistics\Resampling.o )
[17 of 48] Compiling Statistics.Sample.KernelDensity ( Statistics\Sample\KernelDensity.hs, .stack-work\dist\ca59d0ab\build\Statistics\Sample\KernelDensity.o )
[18 of 48] Compiling Statistics.Sample.KernelDensity.Simple ( Statistics\Sample\KernelDensity\Simple.hs, .stack-work\dist\ca59d0ab\build\Statistics\Sample\KernelDensity\Simple.o )
[19 of 48] Compiling Statistics.Sample.Powers ( Statistics\Sample\Powers.hs, .stack-work\dist\ca59d0ab\build\Statistics\Sample\Powers.o )
[20 of 48] Compiling Statistics.Test.Internal ( Statistics\Test\Internal.hs, .stack-work\dist\ca59d0ab\build\Statistics\Test\Internal.o )
[21 of 48] Compiling Statistics.Test.WilcoxonT ( Statistics\Test\WilcoxonT.hs, .stack-work\dist\ca59d0ab\build\Statistics\Test\WilcoxonT.o )
[22 of 48] Compiling Statistics.Distribution.Poisson.Internal ( Statistics\Distribution\Poisson\Internal.hs, .stack-work\dist\ca59d0ab\build\Statistics\Distribution\Poisson\Internal.o )

Statistics\Distribution\Poisson\Internal.hs:39:1: warning: [-Wunused-top-binds]
    Defined but not used: `alyThm1'

Statistics\Distribution\Poisson\Internal.hs:47:1: warning: [-Wunused-top-binds]
    Defined but not used: `alyc'
[23 of 48] Compiling Statistics.Distribution ( Statistics\Distribution.hs, .stack-work\dist\ca59d0ab\build\Statistics\Distribution.o )
[24 of 48] Compiling Statistics.Distribution.Beta ( Statistics\Distribution\Beta.hs, .stack-work\dist\ca59d0ab\build\Statistics\Distribution\Beta.o )
[25 of 48] Compiling Statistics.Distribution.Binomial ( Statistics\Distribution\Binomial.hs, .stack-work\dist\ca59d0ab\build\Statistics\Distribution\Binomial.o )
[26 of 48] Compiling Statistics.Distribution.CauchyLorentz ( Statistics\Distribution\CauchyLorentz.hs, .stack-work\dist\ca59d0ab\build\Statistics\Distribution\CauchyLorentz.o )
[27 of 48] Compiling Statistics.Distribution.ChiSquared ( Statistics\Distribution\ChiSquared.hs, .stack-work\dist\ca59d0ab\build\Statistics\Distribution\ChiSquared.o )
[28 of 48] Compiling Statistics.Distribution.Exponential ( Statistics\Distribution\Exponential.hs, .stack-work\dist\ca59d0ab\build\Statistics\Distribution\Exponential.o )
[29 of 48] Compiling Statistics.Distribution.FDistribution ( Statistics\Distribution\FDistribution.hs, .stack-work\dist\ca59d0ab\build\Statistics\Distribution\FDistribution.o )
[30 of 48] Compiling Statistics.Distribution.Gamma ( Statistics\Distribution\Gamma.hs, .stack-work\dist\ca59d0ab\build\Statistics\Distribution\Gamma.o )
[31 of 48] Compiling Statistics.Distribution.Geometric ( Statistics\Distribution\Geometric.hs, .stack-work\dist\ca59d0ab\build\Statistics\Distribution\Geometric.o )
[32 of 48] Compiling Statistics.Distribution.Hypergeometric ( Statistics\Distribution\Hypergeometric.hs, .stack-work\dist\ca59d0ab\build\Statistics\Distribution\Hypergeometric.o )
[33 of 48] Compiling Statistics.Distribution.Laplace ( Statistics\Distribution\Laplace.hs, .stack-work\dist\ca59d0ab\build\Statistics\Distribution\Laplace.o )
[34 of 48] Compiling Statistics.Distribution.Normal ( Statistics\Distribution\Normal.hs, .stack-work\dist\ca59d0ab\build\Statistics\Distribution\Normal.o )
[35 of 48] Compiling Statistics.Distribution.Poisson ( Statistics\Distribution\Poisson.hs, .stack-work\dist\ca59d0ab\build\Statistics\Distribution\Poisson.o )
[36 of 48] Compiling Statistics.Distribution.Transform ( Statistics\Distribution\Transform.hs, .stack-work\dist\ca59d0ab\build\Statistics\Distribution\Transform.o )
[37 of 48] Compiling Statistics.Distribution.StudentT ( Statistics\Distribution\StudentT.hs, .stack-work\dist\ca59d0ab\build\Statistics\Distribution\StudentT.o )
[38 of 48] Compiling Statistics.Distribution.Uniform ( Statistics\Distribution\Uniform.hs, .stack-work\dist\ca59d0ab\build\Statistics\Distribution\Uniform.o )
[39 of 48] Compiling Statistics.Resampling.Bootstrap ( Statistics\Resampling\Bootstrap.hs, .stack-work\dist\ca59d0ab\build\Statistics\Resampling\Bootstrap.o )
[40 of 48] Compiling Statistics.Regression ( Statistics\Regression.hs, .stack-work\dist\ca59d0ab\build\Statistics\Regression.o )
[41 of 48] Compiling Statistics.Test.ChiSquared ( Statistics\Test\ChiSquared.hs, .stack-work\dist\ca59d0ab\build\Statistics\Test\ChiSquared.o )
[42 of 48] Compiling Statistics.Test.KolmogorovSmirnov ( Statistics\Test\KolmogorovSmirnov.hs, .stack-work\dist\ca59d0ab\build\Statistics\Test\KolmogorovSmirnov.o )
[43 of 48] Compiling Statistics.Test.KruskalWallis ( Statistics\Test\KruskalWallis.hs, .stack-work\dist\ca59d0ab\build\Statistics\Test\KruskalWallis.o )
[44 of 48] Compiling Statistics.Test.MannWhitneyU ( Statistics\Test\MannWhitneyU.hs, .stack-work\dist\ca59d0ab\build\Statistics\Test\MannWhitneyU.o )
[45 of 48] Compiling Statistics.Correlation.Kendall ( Statistics\Correlation\Kendall.hs, .stack-work\dist\ca59d0ab\build\Statistics\Correlation\Kendall.o )
[46 of 48] Compiling Statistics.Correlation ( Statistics\Correlation.hs, .stack-work\dist\ca59d0ab\build\Statistics\Correlation.o )
[47 of 48] Compiling Statistics.Constants ( Statistics\Constants.hs, .stack-work\dist\ca59d0ab\build\Statistics\Constants.o )
[48 of 48] Compiling Statistics.Autocorrelation ( Statistics\Autocorrelation.hs, .stack-work\dist\ca59d0ab\build\Statistics\Autocorrelation.o )
Installing library in
C:\sr\snapshots\6f8ea73e\lib\x86_64-windows-ghc-8.0.2\statistics-0.13.3.0-88S4JsxxgLRDe1pbUosP10
Registering statistics-0.13.3.0...
